# JRE version: Java(TM) SE Runtime Environment (8.0_201-b09) (build 1.8.0_201-b09)
# Java VM: Java HotSpot(TM) 64-Bit Server VM (25.201-b09 mixed mode linux-amd64 compressed oops)
Heap:
 PSYoungGen      total 375296K, used 0K [0x00000000d7100000, 0x00000000fb380000, 0x0000000100000000)
  eden space 360960K, 0% used [0x00000000d7100000,0x00000000d7100000,0x00000000ed180000)
  from space 14336K, 0% used [0x00000000f1900000,0x00000000f1900000,0x00000000f2700000)
  to   space 73216K, 0% used [0x00000000ed180000,0x00000000ed180000,0x00000000f1900000)
 ParOldGen       total 302080K, used 298212K [0x0000000085200000, 0x0000000097900000, 0x00000000d7100000)
  object space 302080K, 98% used [0x0000000085200000,0x0000000097539250,0x0000000097900000)
 Metaspace       used 15229K, capacity 15430K, committed 15616K, reserved 1062912K
  class space    used 1660K, capacity 1727K, committed 1792K, reserved 1048576K
GC Heap History (10 events):
Event: 47.793 GC heap after
Heap after GC invocations=40 (full 2):
 PSYoungGen      total 432128K, used 32K [0x00000000d7100000, 0x00000000f2980000, 0x0000000100000000)
  eden space 415232K, 0% used [0x00000000d7100000,0x00000000d7100000,0x00000000f0680000)
  from space 16896K, 0% used [0x00000000f1900000,0x00000000f1908000,0x00000000f2980000)
  to   space 17920K, 0% used [0x00000000f0680000,0x00000000f0680000,0x00000000f1800000)
 ParOldGen       total 291328K, used 150805K [0x0000000085200000, 0x0000000096e80000, 0x00000000d7100000)
  object space 291328K, 51% used [0x0000000085200000,0x000000008e545678,0x0000000096e80000)
 Metaspace       used 15229K, capacity 15430K, committed 15616K, reserved 1062912K
  class space    used 1660K, capacity 1727K, committed 1792K, reserved 1048576K
}
Event: 48.965 GC heap before
{Heap before GC invocations=41 (full 2):
 PSYoungGen      total 432128K, used 415264K [0x00000000d7100000, 0x00000000f2980000, 0x0000000100000000)
  eden space 415232K, 100% used [0x00000000d7100000,0x00000000f0680000,0x00000000f0680000)
  from space 16896K, 0% used [0x00000000f1900000,0x00000000f1908000,0x00000000f2980000)
  to   space 17920K, 0% used [0x00000000f0680000,0x00000000f0680000,0x00000000f1800000)
 ParOldGen       total 291328K, used 150805K [0x0000000085200000, 0x0000000096e80000, 0x00000000d7100000)
  object space 291328K, 51% used [0x0000000085200000,0x000000008e545678,0x0000000096e80000)
 Metaspace       used 15229K, capacity 15430K, committed 15616K, reserved 1062912K
  class space    used 1660K, capacity 1727K, committed 1792K, reserved 1048576K
Event: 48.969 GC heap after
Heap after GC invocations=41 (full 2):
 PSYoungGen      total 433152K, used 64K [0x00000000d7100000, 0x00000000f2900000, 0x0000000100000000)
  eden space 415232K, 0% used [0x00000000d7100000,0x00000000d7100000,0x00000000f0680000)
  from space 17920K, 0% used [0x00000000f0680000,0x00000000f0690000,0x00000000f1800000)
  to   space 16384K, 0% used [0x00000000f1900000,0x00000000f1900000,0x00000000f2900000)
 ParOldGen       total 291328K, used 150805K [0x0000000085200000, 0x0000000096e80000, 0x00000000d7100000)
  object space 291328K, 51% used [0x0000000085200000,0x000000008e545678,0x0000000096e80000)
 Metaspace       used 15229K, capacity 15430K, committed 15616K, reserved 1062912K
  class space    used 1660K, capacity 1727K, committed 1792K, reserved 1048576K
}
Event: 50.116 GC heap before
{Heap before GC invocations=42 (full 2):
 PSYoungGen      total 433152K, used 415296K [0x00000000d7100000, 0x00000000f2900000, 0x0000000100000000)
  eden space 415232K, 100% used [0x00000000d7100000,0x00000000f0680000,0x00000000f0680000)
  from space 17920K, 0% used [0x00000000f0680000,0x00000000f0690000,0x00000000f1800000)
  to   space 16384K, 0% used [0x00000000f1900000,0x00000000f1900000,0x00000000f2900000)
 ParOldGen       total 291328K, used 150805K [0x0000000085200000, 0x0000000096e80000, 0x00000000d7100000)
  object space 291328K, 51% used [0x0000000085200000,0x000000008e545678,0x0000000096e80000)
 Metaspace       used 15229K, capacity 15430K, committed 15616K, reserved 1062912K
  class space    used 1660K, capacity 1727K, committed 1792K, reserved 1048576K
Event: 50.121 GC heap after
Heap after GC invocations=42 (full 2):
 PSYoungGen      total 432128K, used 64K [0x00000000d7100000, 0x00000000f2700000, 0x0000000100000000)
  eden space 417792K, 0% used [0x00000000d7100000,0x00000000d7100000,0x00000000f0900000)
  from space 14336K, 0% used [0x00000000f1900000,0x00000000f1910000,0x00000000f2700000)
  to   space 15360K, 0% used [0x00000000f0900000,0x00000000f0900000,0x00000000f1800000)
 ParOldGen       total 291328K, used 150805K [0x0000000085200000, 0x0000000096e80000, 0x00000000d7100000)
  object space 291328K, 51% used [0x0000000085200000,0x000000008e545678,0x0000000096e80000)
 Metaspace       used 15229K, capacity 15430K, committed 15616K, reserved 1062912K
  class space    used 1660K, capacity 1727K, committed 1792K, reserved 1048576K
}
Event: 51.336 GC heap before
{Heap before GC invocations=43 (full 2):
 PSYoungGen      total 432128K, used 417856K [0x00000000d7100000, 0x00000000f2700000, 0x0000000100000000)
  eden space 417792K, 100% used [0x00000000d7100000,0x00000000f0900000,0x00000000f0900000)
  from space 14336K, 0% used [0x00000000f1900000,0x00000000f1910000,0x00000000f2700000)
  to   space 15360K, 0% used [0x00000000f0900000,0x00000000f0900000,0x00000000f1800000)
 ParOldGen       total 291328K, used 150805K [0x0000000085200000, 0x0000000096e80000, 0x00000000d7100000)
  object space 291328K, 51% used [0x0000000085200000,0x000000008e545678,0x0000000096e80000)
 Metaspace       used 15229K, capacity 15430K, committed 15616K, reserved 1062912K
  class space    used 1660K, capacity 1727K, committed 1792K, reserved 1048576K
Event: 51.340 GC heap after
Heap after GC invocations=43 (full 2):
 PSYoungGen      total 433152K, used 64K [0x00000000d7100000, 0x00000000f2700000, 0x0000000100000000)
  eden space 417792K, 0% used [0x00000000d7100000,0x00000000d7100000,0x00000000f0900000)
  from space 15360K, 0% used [0x00000000f0900000,0x00000000f0910000,0x00000000f1800000)
  to   space 14336K, 0% used [0x00000000f1900000,0x00000000f1900000,0x00000000f2700000)
 ParOldGen       total 291328K, used 150805K [0x0000000085200000, 0x0000000096e80000, 0x00000000d7100000)
  object space 291328K, 51% used [0x0000000085200000,0x000000008e545678,0x0000000096e80000)
 Metaspace       used 15229K, capacity 15430K, committed 15616K, reserved 1062912K
  class space    used 1660K, capacity 1727K, committed 1792K, reserved 1048576K
}
Event: 52.061 GC heap before
{Heap before GC invocations=44 (full 2):
 PSYoungGen      total 433152K, used 417856K [0x00000000d7100000, 0x00000000f2700000, 0x0000000100000000)
  eden space 417792K, 100% used [0x00000000d7100000,0x00000000f0900000,0x00000000f0900000)
  from space 15360K, 0% used [0x00000000f0900000,0x00000000f0910000,0x00000000f1800000)
  to   space 14336K, 0% used [0x00000000f1900000,0x00000000f1900000,0x00000000f2700000)
 ParOldGen       total 291328K, used 150805K [0x0000000085200000, 0x0000000096e80000, 0x00000000d7100000)
  object space 291328K, 51% used [0x0000000085200000,0x000000008e545678,0x0000000096e80000)
 Metaspace       used 15229K, capacity 15430K, committed 15616K, reserved 1062912K
  class space    used 1660K, capacity 1727K, committed 1792K, reserved 1048576K
Event: 52.340 GC heap after
Heap after GC invocations=44 (full 2):
 PSYoungGen      total 375296K, used 14336K [0x00000000d7100000, 0x00000000fb380000, 0x0000000100000000)
  eden space 360960K, 0% used [0x00000000d7100000,0x00000000d7100000,0x00000000ed180000)
  from space 14336K, 100% used [0x00000000f1900000,0x00000000f2700000,0x00000000f2700000)
  to   space 73216K, 0% used [0x00000000ed180000,0x00000000ed180000,0x00000000f1900000)
 ParOldGen       total 302080K, used 300837K [0x0000000085200000, 0x0000000097900000, 0x00000000d7100000)
  object space 302080K, 99% used [0x0000000085200000,0x00000000977c9688,0x0000000097900000)
 Metaspace       used 15229K, capacity 15430K, committed 15616K, reserved 1062912K
  class space    used 1660K, capacity 1727K, committed 1792K, reserved 1048576K
}
Event: 52.340 GC heap before
{Heap before GC invocations=45 (full 3):
 PSYoungGen      total 375296K, used 14336K [0x00000000d7100000, 0x00000000fb380000, 0x0000000100000000)
  eden space 360960K, 0% used [0x00000000d7100000,0x00000000d7100000,0x00000000ed180000)
  from space 14336K, 100% used [0x00000000f1900000,0x00000000f2700000,0x00000000f2700000)
  to   space 73216K, 0% used [0x00000000ed180000,0x00000000ed180000,0x00000000f1900000)
 ParOldGen       total 302080K, used 300837K [0x0000000085200000, 0x0000000097900000, 0x00000000d7100000)
  object space 302080K, 99% used [0x0000000085200000,0x00000000977c9688,0x0000000097900000)
 Metaspace       used 15229K, capacity 15430K, committed 15616K, reserved 1062912K
  class space    used 1660K, capacity 1727K, committed 1792K, reserved 1048576K

