# JRE version: Java(TM) SE Runtime Environment (8.0_201-b09) (build 1.8.0_201-b09)
# Java VM: Java HotSpot(TM) 64-Bit Server VM (25.201-b09 mixed mode linux-amd64 compressed oops)
Heap:
 PSYoungGen      total 562688K, used 0K [0x00000000d7100000, 0x0000000100000000, 0x0000000100000000)
  eden space 523264K, 0% used [0x00000000d7100000,0x00000000d7100000,0x00000000f7000000)
  from space 39424K, 0% used [0x00000000fd100000,0x00000000fd100000,0x00000000ff780000)
  to   space 73728K, 0% used [0x00000000f7000000,0x00000000f7000000,0x00000000fb800000)
 ParOldGen       total 266240K, used 227842K [0x0000000085200000, 0x0000000095600000, 0x00000000d7100000)
  object space 266240K, 85% used [0x0000000085200000,0x00000000930809d0,0x0000000095600000)
 Metaspace       used 15225K, capacity 15366K, committed 15616K, reserved 1062912K
  class space    used 1661K, capacity 1727K, committed 1792K, reserved 1048576K
GC Heap History (10 events):
Event: 52.770 GC heap after
Heap after GC invocations=30 (full 2):
 PSYoungGen      total 599552K, used 14281K [0x00000000d7100000, 0x00000000fd780000, 0x0000000100000000)
  eden space 572928K, 0% used [0x00000000d7100000,0x00000000d7100000,0x00000000fa080000)
  from space 26624K, 53% used [0x00000000fbd80000,0x00000000fcb72670,0x00000000fd780000)
  to   space 28160K, 0% used [0x00000000fa080000,0x00000000fa080000,0x00000000fbc00000)
 ParOldGen       total 266240K, used 150849K [0x0000000085200000, 0x0000000095600000, 0x00000000d7100000)
  object space 266240K, 56% used [0x0000000085200000,0x000000008e550548,0x0000000095600000)
 Metaspace       used 15225K, capacity 15366K, committed 15616K, reserved 1062912K
  class space    used 1661K, capacity 1727K, committed 1792K, reserved 1048576K
}
Event: 54.889 GC heap before
{Heap before GC invocations=31 (full 2):
 PSYoungGen      total 599552K, used 587209K [0x00000000d7100000, 0x00000000fd780000, 0x0000000100000000)
  eden space 572928K, 100% used [0x00000000d7100000,0x00000000fa080000,0x00000000fa080000)
  from space 26624K, 53% used [0x00000000fbd80000,0x00000000fcb72670,0x00000000fd780000)
  to   space 28160K, 0% used [0x00000000fa080000,0x00000000fa080000,0x00000000fbc00000)
 ParOldGen       total 266240K, used 150849K [0x0000000085200000, 0x0000000095600000, 0x00000000d7100000)
  object space 266240K, 56% used [0x0000000085200000,0x000000008e550548,0x0000000095600000)
 Metaspace       used 15225K, capacity 15366K, committed 15616K, reserved 1062912K
  class space    used 1661K, capacity 1727K, committed 1792K, reserved 1048576K
Event: 54.908 GC heap after
Heap after GC invocations=31 (full 2):
 PSYoungGen      total 601088K, used 26823K [0x00000000d7100000, 0x00000000fe580000, 0x0000000100000000)
  eden space 572928K, 0% used [0x00000000d7100000,0x00000000d7100000,0x00000000fa080000)
  from space 28160K, 95% used [0x00000000fa080000,0x00000000fbab1f20,0x00000000fbc00000)
  to   space 31744K, 0% used [0x00000000fc680000,0x00000000fc680000,0x00000000fe580000)
 ParOldGen       total 266240K, used 150849K [0x0000000085200000, 0x0000000095600000, 0x00000000d7100000)
  object space 266240K, 56% used [0x0000000085200000,0x000000008e550548,0x0000000095600000)
 Metaspace       used 15225K, capacity 15366K, committed 15616K, reserved 1062912K
  class space    used 1661K, capacity 1727K, committed 1792K, reserved 1048576K
}
Event: 56.871 GC heap before
{Heap before GC invocations=32 (full 2):
 PSYoungGen      total 601088K, used 599751K [0x00000000d7100000, 0x00000000fe580000, 0x0000000100000000)
  eden space 572928K, 100% used [0x00000000d7100000,0x00000000fa080000,0x00000000fa080000)
  from space 28160K, 95% used [0x00000000fa080000,0x00000000fbab1f20,0x00000000fbc00000)
  to   space 31744K, 0% used [0x00000000fc680000,0x00000000fc680000,0x00000000fe580000)
 ParOldGen       total 266240K, used 150849K [0x0000000085200000, 0x0000000095600000, 0x00000000d7100000)
  object space 266240K, 56% used [0x0000000085200000,0x000000008e550548,0x0000000095600000)
 Metaspace       used 15225K, capacity 15366K, committed 15616K, reserved 1062912K
  class space    used 1661K, capacity 1727K, committed 1792K, reserved 1048576K
Event: 56.934 GC heap after
Heap after GC invocations=32 (full 2):
 PSYoungGen      total 604160K, used 31719K [0x00000000d7100000, 0x00000000ffa00000, 0x0000000100000000)
  eden space 572416K, 0% used [0x00000000d7100000,0x00000000d7100000,0x00000000fa000000)
  from space 31744K, 99% used [0x00000000fc680000,0x00000000fe579e00,0x00000000fe580000)
  to   space 39424K, 0% used [0x00000000fa000000,0x00000000fa000000,0x00000000fc680000)
 ParOldGen       total 266240K, used 159888K [0x0000000085200000, 0x0000000095600000, 0x00000000d7100000)
  object space 266240K, 60% used [0x0000000085200000,0x000000008ee24238,0x0000000095600000)
 Metaspace       used 15225K, capacity 15366K, committed 15616K, reserved 1062912K
  class space    used 1661K, capacity 1727K, committed 1792K, reserved 1048576K
}
Event: 62.455 GC heap before
{Heap before GC invocations=33 (full 2):
 PSYoungGen      total 604160K, used 604135K [0x00000000d7100000, 0x00000000ffa00000, 0x0000000100000000)
  eden space 572416K, 100% used [0x00000000d7100000,0x00000000fa000000,0x00000000fa000000)
  from space 31744K, 99% used [0x00000000fc680000,0x00000000fe579e00,0x00000000fe580000)
  to   space 39424K, 0% used [0x00000000fa000000,0x00000000fa000000,0x00000000fc680000)
 ParOldGen       total 266240K, used 159888K [0x0000000085200000, 0x0000000095600000, 0x00000000d7100000)
  object space 266240K, 60% used [0x0000000085200000,0x000000008ee24238,0x0000000095600000)
 Metaspace       used 15225K, capacity 15366K, committed 15616K, reserved 1062912K
  class space    used 1661K, capacity 1727K, committed 1792K, reserved 1048576K
Event: 62.479 GC heap after
Heap after GC invocations=33 (full 2):
 PSYoungGen      total 611840K, used 22704K [0x00000000d7100000, 0x00000000ff780000, 0x0000000100000000)
  eden space 572416K, 0% used [0x00000000d7100000,0x00000000d7100000,0x00000000fa000000)
  from space 39424K, 57% used [0x00000000fa000000,0x00000000fb62c3e0,0x00000000fc680000)
  to   space 39424K, 0% used [0x00000000fd100000,0x00000000fd100000,0x00000000ff780000)
 ParOldGen       total 266240K, used 165918K [0x0000000085200000, 0x0000000095600000, 0x00000000d7100000)
  object space 266240K, 62% used [0x0000000085200000,0x000000008f407998,0x0000000095600000)
 Metaspace       used 15225K, capacity 15366K, committed 15616K, reserved 1062912K
  class space    used 1661K, capacity 1727K, committed 1792K, reserved 1048576K
}
Event: 64.941 GC heap before
{Heap before GC invocations=34 (full 2):
 PSYoungGen      total 611840K, used 595120K [0x00000000d7100000, 0x00000000ff780000, 0x0000000100000000)
  eden space 572416K, 100% used [0x00000000d7100000,0x00000000fa000000,0x00000000fa000000)
  from space 39424K, 57% used [0x00000000fa000000,0x00000000fb62c3e0,0x00000000fc680000)
  to   space 39424K, 0% used [0x00000000fd100000,0x00000000fd100000,0x00000000ff780000)
 ParOldGen       total 266240K, used 165918K [0x0000000085200000, 0x0000000095600000, 0x00000000d7100000)
  object space 266240K, 62% used [0x0000000085200000,0x000000008f407998,0x0000000095600000)
 Metaspace       used 15225K, capacity 15366K, committed 15616K, reserved 1062912K
  class space    used 1661K, capacity 1727K, committed 1792K, reserved 1048576K
Event: 65.252 GC heap after
Heap after GC invocations=34 (full 2):
 PSYoungGen      total 562688K, used 39411K [0x00000000d7100000, 0x0000000100000000, 0x0000000100000000)
  eden space 523264K, 0% used [0x00000000d7100000,0x00000000d7100000,0x00000000f7000000)
  from space 39424K, 99% used [0x00000000fd100000,0x00000000ff77cd40,0x00000000ff780000)
  to   space 73728K, 0% used [0x00000000f7000000,0x00000000f7000000,0x00000000fb800000)
 ParOldGen       total 266240K, used 242980K [0x0000000085200000, 0x0000000095600000, 0x00000000d7100000)
  object space 266240K, 91% used [0x0000000085200000,0x0000000093f49228,0x0000000095600000)
 Metaspace       used 15225K, capacity 15366K, committed 15616K, reserved 1062912K
  class space    used 1661K, capacity 1727K, committed 1792K, reserved 1048576K
}
Event: 65.252 GC heap before
{Heap before GC invocations=35 (full 3):
 PSYoungGen      total 562688K, used 39411K [0x00000000d7100000, 0x0000000100000000, 0x0000000100000000)
  eden space 523264K, 0% used [0x00000000d7100000,0x00000000d7100000,0x00000000f7000000)
  from space 39424K, 99% used [0x00000000fd100000,0x00000000ff77cd40,0x00000000ff780000)
  to   space 73728K, 0% used [0x00000000f7000000,0x00000000f7000000,0x00000000fb800000)
 ParOldGen       total 266240K, used 242980K [0x0000000085200000, 0x0000000095600000, 0x00000000d7100000)
  object space 266240K, 91% used [0x0000000085200000,0x0000000093f49228,0x0000000095600000)
 Metaspace       used 15225K, capacity 15366K, committed 15616K, reserved 1062912K
  class space    used 1661K, capacity 1727K, committed 1792K, reserved 1048576K

