# JRE version: Java(TM) SE Runtime Environment (8.0_201-b09) (build 1.8.0_201-b09)
# Java VM: Java HotSpot(TM) 64-Bit Server VM (25.201-b09 mixed mode linux-amd64 compressed oops)
Heap:
 PSYoungGen      total 563200K, used 21036K [0x00000000d7100000, 0x00000000fad80000, 0x0000000100000000)
  eden space 540672K, 3% used [0x00000000d7100000,0x00000000d858b2c0,0x00000000f8100000)
  from space 22528K, 0% used [0x00000000f8100000,0x00000000f8100000,0x00000000f9700000)
  to   space 20480K, 0% used [0x00000000f9980000,0x00000000f9980000,0x00000000fad80000)
 ParOldGen       total 278528K, used 278512K [0x0000000085200000, 0x0000000096200000, 0x00000000d7100000)
  object space 278528K, 99% used [0x0000000085200000,0x00000000961fc2c8,0x0000000096200000)
 Metaspace       used 15227K, capacity 15430K, committed 15616K, reserved 1062912K
  class space    used 1660K, capacity 1727K, committed 1792K, reserved 1048576K
GC Heap History (10 events):
Event: 113.836 GC heap after
Heap after GC invocations=31 (full 1):
 PSYoungGen      total 558080K, used 848K [0x00000000d7100000, 0x00000000fad80000, 0x0000000100000000)
  eden space 535040K, 0% used [0x00000000d7100000,0x00000000d7100000,0x00000000f7b80000)
  from space 23040K, 3% used [0x00000000f9700000,0x00000000f97d4310,0x00000000fad80000)
  to   space 25600K, 0% used [0x00000000f7b80000,0x00000000f7b80000,0x00000000f9480000)
 ParOldGen       total 204800K, used 151171K [0x0000000085200000, 0x0000000091a00000, 0x00000000d7100000)
  object space 204800K, 73% used [0x0000000085200000,0x000000008e5a0f50,0x0000000091a00000)
 Metaspace       used 15227K, capacity 15430K, committed 15616K, reserved 1062912K
  class space    used 1660K, capacity 1727K, committed 1792K, reserved 1048576K
}
Event: 115.641 GC heap before
{Heap before GC invocations=32 (full 1):
 PSYoungGen      total 558080K, used 535888K [0x00000000d7100000, 0x00000000fad80000, 0x0000000100000000)
  eden space 535040K, 100% used [0x00000000d7100000,0x00000000f7b80000,0x00000000f7b80000)
  from space 23040K, 3% used [0x00000000f9700000,0x00000000f97d4310,0x00000000fad80000)
  to   space 25600K, 0% used [0x00000000f7b80000,0x00000000f7b80000,0x00000000f9480000)
 ParOldGen       total 204800K, used 151171K [0x0000000085200000, 0x0000000091a00000, 0x00000000d7100000)
  object space 204800K, 73% used [0x0000000085200000,0x000000008e5a0f50,0x0000000091a00000)
 Metaspace       used 15227K, capacity 15430K, committed 15616K, reserved 1062912K
  class space    used 1660K, capacity 1727K, committed 1792K, reserved 1048576K
Event: 115.644 GC heap after
Heap after GC invocations=32 (full 1):
 PSYoungGen      total 560640K, used 944K [0x00000000d7100000, 0x00000000fb080000, 0x0000000100000000)
  eden space 535040K, 0% used [0x00000000d7100000,0x00000000d7100000,0x00000000f7b80000)
  from space 25600K, 3% used [0x00000000f7b80000,0x00000000f7c6c2d0,0x00000000f9480000)
  to   space 24064K, 0% used [0x00000000f9900000,0x00000000f9900000,0x00000000fb080000)
 ParOldGen       total 204800K, used 151179K [0x0000000085200000, 0x0000000091a00000, 0x00000000d7100000)
  object space 204800K, 73% used [0x0000000085200000,0x000000008e5a2f50,0x0000000091a00000)
 Metaspace       used 15227K, capacity 15430K, committed 15616K, reserved 1062912K
  class space    used 1660K, capacity 1727K, committed 1792K, reserved 1048576K
}
Event: 117.708 GC heap before
{Heap before GC invocations=33 (full 1):
 PSYoungGen      total 560640K, used 535984K [0x00000000d7100000, 0x00000000fb080000, 0x0000000100000000)
  eden space 535040K, 100% used [0x00000000d7100000,0x00000000f7b80000,0x00000000f7b80000)
  from space 25600K, 3% used [0x00000000f7b80000,0x00000000f7c6c2d0,0x00000000f9480000)
  to   space 24064K, 0% used [0x00000000f9900000,0x00000000f9900000,0x00000000fb080000)
 ParOldGen       total 204800K, used 151179K [0x0000000085200000, 0x0000000091a00000, 0x00000000d7100000)
  object space 204800K, 73% used [0x0000000085200000,0x000000008e5a2f50,0x0000000091a00000)
 Metaspace       used 15227K, capacity 15430K, committed 15616K, reserved 1062912K
  class space    used 1660K, capacity 1727K, committed 1792K, reserved 1048576K
Event: 117.710 GC heap after
Heap after GC invocations=33 (full 1):
 PSYoungGen      total 561152K, used 848K [0x00000000d7100000, 0x00000000fad00000, 0x0000000100000000)
  eden space 540672K, 0% used [0x00000000d7100000,0x00000000d7100000,0x00000000f8100000)
  from space 20480K, 4% used [0x00000000f9900000,0x00000000f99d42f0,0x00000000fad00000)
  to   space 22528K, 0% used [0x00000000f8100000,0x00000000f8100000,0x00000000f9700000)
 ParOldGen       total 204800K, used 151179K [0x0000000085200000, 0x0000000091a00000, 0x00000000d7100000)
  object space 204800K, 73% used [0x0000000085200000,0x000000008e5a2f50,0x0000000091a00000)
 Metaspace       used 15227K, capacity 15430K, committed 15616K, reserved 1062912K
  class space    used 1660K, capacity 1727K, committed 1792K, reserved 1048576K
}
Event: 119.739 GC heap before
{Heap before GC invocations=34 (full 1):
 PSYoungGen      total 561152K, used 541520K [0x00000000d7100000, 0x00000000fad00000, 0x0000000100000000)
  eden space 540672K, 100% used [0x00000000d7100000,0x00000000f8100000,0x00000000f8100000)
  from space 20480K, 4% used [0x00000000f9900000,0x00000000f99d42f0,0x00000000fad00000)
  to   space 22528K, 0% used [0x00000000f8100000,0x00000000f8100000,0x00000000f9700000)
 ParOldGen       total 204800K, used 151179K [0x0000000085200000, 0x0000000091a00000, 0x00000000d7100000)
  object space 204800K, 73% used [0x0000000085200000,0x000000008e5a2f50,0x0000000091a00000)
 Metaspace       used 15227K, capacity 15430K, committed 15616K, reserved 1062912K
  class space    used 1660K, capacity 1727K, committed 1792K, reserved 1048576K
Event: 119.742 GC heap after
Heap after GC invocations=34 (full 1):
 PSYoungGen      total 563200K, used 1281K [0x00000000d7100000, 0x00000000fad80000, 0x0000000100000000)
  eden space 540672K, 0% used [0x00000000d7100000,0x00000000d7100000,0x00000000f8100000)
  from space 22528K, 5% used [0x00000000f8100000,0x00000000f82404a0,0x00000000f9700000)
  to   space 20480K, 0% used [0x00000000f9980000,0x00000000f9980000,0x00000000fad80000)
 ParOldGen       total 204800K, used 151179K [0x0000000085200000, 0x0000000091a00000, 0x00000000d7100000)
  object space 204800K, 73% used [0x0000000085200000,0x000000008e5a2f50,0x0000000091a00000)
 Metaspace       used 15227K, capacity 15430K, committed 15616K, reserved 1062912K
  class space    used 1660K, capacity 1727K, committed 1792K, reserved 1048576K
}
Event: 121.047 GC heap before
{Heap before GC invocations=35 (full 1):
 PSYoungGen      total 563200K, used 541953K [0x00000000d7100000, 0x00000000fad80000, 0x0000000100000000)
  eden space 540672K, 100% used [0x00000000d7100000,0x00000000f8100000,0x00000000f8100000)
  from space 22528K, 5% used [0x00000000f8100000,0x00000000f82404a0,0x00000000f9700000)
  to   space 20480K, 0% used [0x00000000f9980000,0x00000000f9980000,0x00000000fad80000)
 ParOldGen       total 204800K, used 151179K [0x0000000085200000, 0x0000000091a00000, 0x00000000d7100000)
  object space 204800K, 73% used [0x0000000085200000,0x000000008e5a2f50,0x0000000091a00000)
 Metaspace       used 15227K, capacity 15430K, committed 15616K, reserved 1062912K
  class space    used 1660K, capacity 1727K, committed 1792K, reserved 1048576K
Event: 124.895 GC heap after
Heap after GC invocations=35 (full 1):
 PSYoungGen      total 563200K, used 541953K [0x00000000d7100000, 0x00000000fad80000, 0x0000000100000000)
  eden space 540672K, 100% used [0x00000000d7100000,0x00000000f8100000,0x00000000f8100000)
  from space 22528K, 5% used [0x00000000f8100000,0x00000000f82404a0,0x00000000f9700000)
  to   space 20480K, 99% used [0x00000000f9980000,0x00000000fad78480,0x00000000fad80000)
 ParOldGen       total 278528K, used 278491K [0x0000000085200000, 0x0000000096200000, 0x00000000d7100000)
  object space 278528K, 99% used [0x0000000085200000,0x00000000961f6f60,0x0000000096200000)
 Metaspace       used 15227K, capacity 15430K, committed 15616K, reserved 1062912K
  class space    used 1660K, capacity 1727K, committed 1792K, reserved 1048576K
}
Event: 124.895 GC heap before
{Heap before GC invocations=36 (full 2):
 PSYoungGen      total 563200K, used 541953K [0x00000000d7100000, 0x00000000fad80000, 0x0000000100000000)
  eden space 540672K, 100% used [0x00000000d7100000,0x00000000f8100000,0x00000000f8100000)
  from space 22528K, 5% used [0x00000000f8100000,0x00000000f82404a0,0x00000000f9700000)
  to   space 20480K, 99% used [0x00000000f9980000,0x00000000fad78480,0x00000000fad80000)
 ParOldGen       total 278528K, used 278491K [0x0000000085200000, 0x0000000096200000, 0x00000000d7100000)
  object space 278528K, 99% used [0x0000000085200000,0x00000000961f6f60,0x0000000096200000)
 Metaspace       used 15227K, capacity 15430K, committed 15616K, reserved 1062912K
  class space    used 1660K, capacity 1727K, committed 1792K, reserved 1048576K

