# JRE version: Java(TM) SE Runtime Environment (8.0_201-b09) (build 1.8.0_201-b09)
# Java VM: Java HotSpot(TM) 64-Bit Server VM (25.201-b09 mixed mode linux-amd64 compressed oops)
Heap:
 PSYoungGen      total 513536K, used 3580K [0x00000000d7100000, 0x0000000100000000, 0x0000000100000000)
  eden space 492032K, 0% used [0x00000000d7100000,0x00000000d7100000,0x00000000f5180000)
  from space 21504K, 16% used [0x00000000f9f00000,0x00000000fa27f200,0x00000000fb400000)
  to   space 79360K, 0% used [0x00000000f5180000,0x00000000f5180000,0x00000000f9f00000)
 ParOldGen       total 295424K, used 295096K [0x0000000085200000, 0x0000000097280000, 0x00000000d7100000)
  object space 295424K, 99% used [0x0000000085200000,0x000000009722e1b0,0x0000000097280000)
 Metaspace       used 15233K, capacity 15430K, committed 15616K, reserved 1062912K
  class space    used 1661K, capacity 1727K, committed 1792K, reserved 1048576K
GC Heap History (10 events):
Event: 50.239 GC heap after
Heap after GC invocations=31 (full 1):
 PSYoungGen      total 562176K, used 240K [0x00000000d7100000, 0x00000000fb100000, 0x0000000100000000)
  eden space 537600K, 0% used [0x00000000d7100000,0x00000000d7100000,0x00000000f7e00000)
  from space 24576K, 0% used [0x00000000f9900000,0x00000000f993c0b0,0x00000000fb100000)
  to   space 26112K, 0% used [0x00000000f7e00000,0x00000000f7e00000,0x00000000f9780000)
 ParOldGen       total 205824K, used 151302K [0x0000000085200000, 0x0000000091b00000, 0x00000000d7100000)
  object space 205824K, 73% used [0x0000000085200000,0x000000008e5c1868,0x0000000091b00000)
 Metaspace       used 15233K, capacity 15430K, committed 15616K, reserved 1062912K
  class space    used 1661K, capacity 1727K, committed 1792K, reserved 1048576K
}
Event: 52.185 GC heap before
{Heap before GC invocations=32 (full 1):
 PSYoungGen      total 562176K, used 537840K [0x00000000d7100000, 0x00000000fb100000, 0x0000000100000000)
  eden space 537600K, 100% used [0x00000000d7100000,0x00000000f7e00000,0x00000000f7e00000)
  from space 24576K, 0% used [0x00000000f9900000,0x00000000f993c0b0,0x00000000fb100000)
  to   space 26112K, 0% used [0x00000000f7e00000,0x00000000f7e00000,0x00000000f9780000)
 ParOldGen       total 205824K, used 151302K [0x0000000085200000, 0x0000000091b00000, 0x00000000d7100000)
  object space 205824K, 73% used [0x0000000085200000,0x000000008e5c1868,0x0000000091b00000)
 Metaspace       used 15233K, capacity 15430K, committed 15616K, reserved 1062912K
  class space    used 1661K, capacity 1727K, committed 1792K, reserved 1048576K
Event: 52.189 GC heap after
Heap after GC invocations=32 (full 1):
 PSYoungGen      total 563712K, used 64K [0x00000000d7100000, 0x00000000fb480000, 0x0000000100000000)
  eden space 537600K, 0% used [0x00000000d7100000,0x00000000d7100000,0x00000000f7e00000)
  from space 26112K, 0% used [0x00000000f7e00000,0x00000000f7e10000,0x00000000f9780000)
  to   space 24576K, 0% used [0x00000000f9c80000,0x00000000f9c80000,0x00000000fb480000)
 ParOldGen       total 205824K, used 151518K [0x0000000085200000, 0x0000000091b00000, 0x00000000d7100000)
  object space 205824K, 73% used [0x0000000085200000,0x000000008e5f7928,0x0000000091b00000)
 Metaspace       used 15233K, capacity 15430K, committed 15616K, reserved 1062912K
  class space    used 1661K, capacity 1727K, committed 1792K, reserved 1048576K
}
Event: 53.801 GC heap before
{Heap before GC invocations=33 (full 1):
 PSYoungGen      total 563712K, used 537664K [0x00000000d7100000, 0x00000000fb480000, 0x0000000100000000)
  eden space 537600K, 100% used [0x00000000d7100000,0x00000000f7e00000,0x00000000f7e00000)
  from space 26112K, 0% used [0x00000000f7e00000,0x00000000f7e10000,0x00000000f9780000)
  to   space 24576K, 0% used [0x00000000f9c80000,0x00000000f9c80000,0x00000000fb480000)
 ParOldGen       total 205824K, used 151518K [0x0000000085200000, 0x0000000091b00000, 0x00000000d7100000)
  object space 205824K, 73% used [0x0000000085200000,0x000000008e5f7928,0x0000000091b00000)
 Metaspace       used 15233K, capacity 15430K, committed 15616K, reserved 1062912K
  class space    used 1661K, capacity 1727K, committed 1792K, reserved 1048576K
Event: 53.806 GC heap after
Heap after GC invocations=33 (full 1):
 PSYoungGen      total 565760K, used 96K [0x00000000d7100000, 0x00000000fb180000, 0x0000000100000000)
  eden space 544256K, 0% used [0x00000000d7100000,0x00000000d7100000,0x00000000f8480000)
  from space 21504K, 0% used [0x00000000f9c80000,0x00000000f9c98000,0x00000000fb180000)
  to   space 23040K, 0% used [0x00000000f8480000,0x00000000f8480000,0x00000000f9b00000)
 ParOldGen       total 205824K, used 151518K [0x0000000085200000, 0x0000000091b00000, 0x00000000d7100000)
  object space 205824K, 73% used [0x0000000085200000,0x000000008e5f7928,0x0000000091b00000)
 Metaspace       used 15233K, capacity 15430K, committed 15616K, reserved 1062912K
  class space    used 1661K, capacity 1727K, committed 1792K, reserved 1048576K
}
Event: 55.721 GC heap before
{Heap before GC invocations=34 (full 1):
 PSYoungGen      total 565760K, used 544352K [0x00000000d7100000, 0x00000000fb180000, 0x0000000100000000)
  eden space 544256K, 100% used [0x00000000d7100000,0x00000000f8480000,0x00000000f8480000)
  from space 21504K, 0% used [0x00000000f9c80000,0x00000000f9c98000,0x00000000fb180000)
  to   space 23040K, 0% used [0x00000000f8480000,0x00000000f8480000,0x00000000f9b00000)
 ParOldGen       total 205824K, used 151518K [0x0000000085200000, 0x0000000091b00000, 0x00000000d7100000)
  object space 205824K, 73% used [0x0000000085200000,0x000000008e5f7928,0x0000000091b00000)
 Metaspace       used 15233K, capacity 15430K, committed 15616K, reserved 1062912K
  class space    used 1661K, capacity 1727K, committed 1792K, reserved 1048576K
Event: 55.725 GC heap after
Heap after GC invocations=34 (full 1):
 PSYoungGen      total 567296K, used 64K [0x00000000d7100000, 0x00000000fb400000, 0x0000000100000000)
  eden space 544256K, 0% used [0x00000000d7100000,0x00000000d7100000,0x00000000f8480000)
  from space 23040K, 0% used [0x00000000f8480000,0x00000000f8490000,0x00000000f9b00000)
  to   space 21504K, 0% used [0x00000000f9f00000,0x00000000f9f00000,0x00000000fb400000)
 ParOldGen       total 205824K, used 151518K [0x0000000085200000, 0x0000000091b00000, 0x00000000d7100000)
  object space 205824K, 73% used [0x0000000085200000,0x000000008e5f7928,0x0000000091b00000)
 Metaspace       used 15233K, capacity 15430K, committed 15616K, reserved 1062912K
  class space    used 1661K, capacity 1727K, committed 1792K, reserved 1048576K
}
Event: 57.277 GC heap before
{Heap before GC invocations=35 (full 1):
 PSYoungGen      total 567296K, used 544320K [0x00000000d7100000, 0x00000000fb400000, 0x0000000100000000)
  eden space 544256K, 100% used [0x00000000d7100000,0x00000000f8480000,0x00000000f8480000)
  from space 23040K, 0% used [0x00000000f8480000,0x00000000f8490000,0x00000000f9b00000)
  to   space 21504K, 0% used [0x00000000f9f00000,0x00000000f9f00000,0x00000000fb400000)
 ParOldGen       total 205824K, used 151518K [0x0000000085200000, 0x0000000091b00000, 0x00000000d7100000)
  object space 205824K, 73% used [0x0000000085200000,0x000000008e5f7928,0x0000000091b00000)
 Metaspace       used 15233K, capacity 15430K, committed 15616K, reserved 1062912K
  class space    used 1661K, capacity 1727K, committed 1792K, reserved 1048576K
Event: 62.561 GC heap after
Heap after GC invocations=35 (full 1):
 PSYoungGen      total 513536K, used 21504K [0x00000000d7100000, 0x0000000100000000, 0x0000000100000000)
  eden space 492032K, 0% used [0x00000000d7100000,0x00000000d7100000,0x00000000f5180000)
  from space 21504K, 100% used [0x00000000f9f00000,0x00000000fb400000,0x00000000fb400000)
  to   space 79360K, 0% used [0x00000000f5180000,0x00000000f5180000,0x00000000f9f00000)
 ParOldGen       total 295424K, used 294358K [0x0000000085200000, 0x0000000097280000, 0x00000000d7100000)
  object space 295424K, 99% used [0x0000000085200000,0x0000000097175938,0x0000000097280000)
 Metaspace       used 15233K, capacity 15430K, committed 15616K, reserved 1062912K
  class space    used 1661K, capacity 1727K, committed 1792K, reserved 1048576K
}
Event: 62.561 GC heap before
{Heap before GC invocations=36 (full 2):
 PSYoungGen      total 513536K, used 21504K [0x00000000d7100000, 0x0000000100000000, 0x0000000100000000)
  eden space 492032K, 0% used [0x00000000d7100000,0x00000000d7100000,0x00000000f5180000)
  from space 21504K, 100% used [0x00000000f9f00000,0x00000000fb400000,0x00000000fb400000)
  to   space 79360K, 0% used [0x00000000f5180000,0x00000000f5180000,0x00000000f9f00000)
 ParOldGen       total 295424K, used 294358K [0x0000000085200000, 0x0000000097280000, 0x00000000d7100000)
  object space 295424K, 99% used [0x0000000085200000,0x0000000097175938,0x0000000097280000)
 Metaspace       used 15233K, capacity 15430K, committed 15616K, reserved 1062912K
  class space    used 1661K, capacity 1727K, committed 1792K, reserved 1048576K

